Vivado Simulator 2020.2
Time resolution is 1 ps
[ x] [ x] [ x] [ x]
[ 0] [ 0] [ 0] [ 0]
[ 1] [ 1] [ 1] [ 1]
[ 2] [ 2] [ 2] [ 2]
[ 3] [ 3] [ 3] [ 3]
[ 0] [ 0] [ 0] [ 0]
[ 1] [ 1] [ 1] [ 1]
[ 2] [ 2] [ 2] [ 2]
[ 3] [ 3] [ 3] [ 3]
[ 0] [ 0] [ 0] [ 0]
[ 1] [ 1] [ 1] [ 1]
[ 2] [ 2] [ 2] [ 2]
[ 3] [ 3] [ 3] [ 3]
[ 0] [ 0] [ 0] [ 0]
[ 1] [ 1] [ 1] [ 1]
[ 2] [ 2] [ 2] [ 2]
[ 3] [ 3] [ 3] [ 3]
[ 3] [ 3] [ 3] [ 3]
[ 0] [ 0] [ 0] [ 0]
[ 4] [ 8] [ 4] [ 8]
[ 8] [ 0] [ 8] [ 0]
[12] [ 8] [12] [ 8]
[ 0] [ 0] [ 0] [ 0]
[ 4] [ 8] [ 4] [ 8]
[ 8] [ 0] [ 8] [ 0]
[12] [ 8] [12] [ 8]
[ 0] [ 0] [ 0] [ 0]
[ 4] [ 8] [ 4] [ 8]
[ 8] [ 0] [ 8] [ 0]
[12] [ 8] [12] [ 8]
[ 0] [ 0] [ 0] [ 0]
[ 4] [ 8] [ 4] [ 8]
[ 8] [ 0] [ 8] [ 0]
[12] [ 8] [12] [ 8]
$finish called at time : 340 ns : File "/mnt/SATASSD/Final_228/Final_228.srcs/sim_1/new/matrix_multi_TB.v" Line 75
